2023-07-18 20:39:07.503944 Вызов функции hello_world
Аргументы позиционные: ()
Аргументы именованные: {}
Результат: Hello World
2023-07-18 20:39:07.504944 Вызов функции summator
Аргументы позиционные: (2, 2)
Аргументы именованные: {}
Результат: 4
2023-07-18 20:39:07.505944 Вызов функции div
Аргументы позиционные: (6, 2)
Аргументы именованные: {}
Результат: 3.0
2023-07-18 20:39:07.506944 Вызов функции summator
Аргументы позиционные: (4.3,)
Аргументы именованные: {'b': 2.2}
Результат: 6.5
2023-07-18 20:39:07.507945 Вызов функции summator
Аргументы позиционные: ()
Аргументы именованные: {'a': 0, 'b': 0}
Результат: 0
